client/build/app/intermediates/manifest_merge_blame_file/debug/manifest-merger-blame-debug-report.txt
1<?xml version="1.0" encoding="utf-8"?>
2<manifest xmlns:android="http://schemas.android.com/apk/res/android"
3    package="com.example.vChat_v1"
4    android:versionCode="1"
5    android:versionName="1.0.0" >
6
7    <uses-sdk
8        android:minSdkVersion="16"
9        android:targetSdkVersion="28" />
10    <!--
11         Flutter needs it to communicate with the running application
12         to allow setting breakpoints, to provide hot reload, etc.
13    -->
14    <uses-permission android:name="android.permission.INTERNET" />
14-->src/debug/AndroidManifest.xml:6:5-66
14-->src/debug/AndroidManifest.xml:6:22-64
15    <uses-permission android:name="android.permission.CAMERA" />
15-->[:agora_rtc_engine] AndroidManifest.xml:10:5-65
15-->[:agora_rtc_engine] AndroidManifest.xml:10:22-62
16    <uses-permission android:name="android.permission.RECORD_AUDIO" />
16-->[:agora_rtc_engine] AndroidManifest.xml:11:5-71
16-->[:agora_rtc_engine] AndroidManifest.xml:11:22-68
17    <uses-permission android:name="android.permission.MODIFY_AUDIO_SETTINGS" />
17-->[:agora_rtc_engine] AndroidManifest.xml:12:5-80
17-->[:agora_rtc_engine] AndroidManifest.xml:12:22-77
18    <uses-permission android:name="android.permission.WRITE_EXTERNAL_STORAGE" />
18-->[:agora_rtc_engine] AndroidManifest.xml:13:5-81
18-->[:agora_rtc_engine] AndroidManifest.xml:13:22-78
19    <uses-permission android:name="android.permission.ACCESS_NETWORK_STATE" />
19-->[com.google.android.gms:play-services-measurement:17.5.0] AndroidManifest.xml:24:5-79
19-->[com.google.android.gms:play-services-measurement:17.5.0] AndroidManifest.xml:24:22-76
20    <uses-permission android:name="android.permission.WAKE_LOCK" />
20-->[com.google.android.gms:play-services-measurement:17.5.0] AndroidManifest.xml:25:5-68
20-->[com.google.android.gms:play-services-measurement:17.5.0] AndroidManifest.xml:25:22-65
21    <uses-permission android:name="com.google.android.finsky.permission.BIND_GET_INSTALL_REFERRER_SERVICE" />
21-->[com.google.android.gms:play-services-measurement:17.5.0] AndroidManifest.xml:26:5-110
21-->[com.google.android.gms:play-services-measurement:17.5.0] AndroidManifest.xml:26:22-107
22    <!--
23 io.flutter.app.FlutterApplication is an android.app.Application that
24         calls FlutterMain.startInitialization(this); in its onCreate method.
25         In most cases you can leave this as-is, but you if you want to provide
26         additional functionality it is fine to subclass or reimplement
27         FlutterApplication and put your custom class here.
28    -->
29    <application
29-->src/main/AndroidManifest.xml:8:5-46:19
30        android:name="io.flutter.app.FlutterApplication"
30-->src/main/AndroidManifest.xml:9:9-57
31        android:appComponentFactory="androidx.core.app.CoreComponentFactory"
31-->[androidx.core:core:1.1.0] AndroidManifest.xml:24:18-86
32        android:debuggable="true"
33        android:icon="@mipmap/ic_launcher"
33-->src/main/AndroidManifest.xml:11:9-43
34        android:label="vChat_v1" >
34-->src/main/AndroidManifest.xml:10:9-33
35        <activity
35-->src/main/AndroidManifest.xml:12:9-40:20
36            android:name="com.example.vChat_v1.MainActivity"
36-->src/main/AndroidManifest.xml:13:13-41
37            android:configChanges="orientation|keyboardHidden|keyboard|screenSize|smallestScreenSize|locale|layoutDirection|fontScale|screenLayout|density|uiMode"
37-->src/main/AndroidManifest.xml:16:13-163
38            android:hardwareAccelerated="true"
38-->src/main/AndroidManifest.xml:17:13-47
39            android:launchMode="singleTop"
39-->src/main/AndroidManifest.xml:14:13-43
40            android:theme="@style/LaunchTheme"
40-->src/main/AndroidManifest.xml:15:13-47
41            android:windowSoftInputMode="adjustResize" >
41-->src/main/AndroidManifest.xml:18:13-55
42
43            <!--
44                 Specifies an Android theme to apply to this Activity as soon as
45                 the Android process has started. This theme is visible to the user
46                 while the Flutter UI initializes. After that, this theme continues
47                 to determine the Window background behind the Flutter UI.
48            -->
49            <meta-data
49-->src/main/AndroidManifest.xml:23:13-26:17
50                android:name="io.flutter.embedding.android.NormalTheme"
50-->src/main/AndroidManifest.xml:24:15-70
51                android:resource="@style/NormalTheme" />
51-->src/main/AndroidManifest.xml:25:15-52
52            <!--
53                 Displays an Android View that continues showing the launch screen
54                 Drawable until Flutter paints its first frame, then this splash
55                 screen fades out. A splash screen is useful to avoid any visual
56                 gap between the end of Android's launch screen and the painting of
57                 Flutter's first frame.
58            -->
59            <meta-data
59-->src/main/AndroidManifest.xml:32:13-35:17
60                android:name="io.flutter.embedding.android.SplashScreenDrawable"
60-->src/main/AndroidManifest.xml:33:15-79
61                android:resource="@drawable/launch_background" />
61-->src/main/AndroidManifest.xml:34:15-61
62
63            <intent-filter>
63-->src/main/AndroidManifest.xml:36:13-39:29
64                <action android:name="android.intent.action.MAIN" />
64-->src/main/AndroidManifest.xml:37:17-68
64-->src/main/AndroidManifest.xml:37:25-66
65
66                <category android:name="android.intent.category.LAUNCHER" />
66-->src/main/AndroidManifest.xml:38:17-76
66-->src/main/AndroidManifest.xml:38:27-74
67            </intent-filter>
68        </activity>
69        <!--
70             Don't delete the meta-data below.
71             This is used by the Flutter tool to generate GeneratedPluginRegistrant.java
72        -->
73        <meta-data
73-->src/main/AndroidManifest.xml:43:9-45:33
74            android:name="flutterEmbedding"
74-->src/main/AndroidManifest.xml:44:13-44
75            android:value="2" />
75-->src/main/AndroidManifest.xml:45:13-30
76
77        <service
77-->[:firebase_auth] AndroidManifest.xml:8:9-12:19
78            android:name="com.google.firebase.components.ComponentDiscoveryService"
78-->[:firebase_auth] AndroidManifest.xml:8:18-89
79            android:directBootAware="true"
79-->[com.google.firebase:firebase-common:19.3.0] AndroidManifest.xml:34:13-43
80            android:exported="false" >
80-->[com.google.android.gms:play-services-measurement-api:17.5.0] AndroidManifest.xml:29:13-37
81            <meta-data
81-->[:firebase_auth] AndroidManifest.xml:9:13-11:85
82                android:name="com.google.firebase.components:io.flutter.plugins.firebase.auth.FlutterFirebaseAuthRegistrar"
82-->[:firebase_auth] AndroidManifest.xml:10:17-124
83                android:value="com.google.firebase.components.ComponentRegistrar" />
83-->[:firebase_auth] AndroidManifest.xml:11:17-82
84            <meta-data
84-->[:cloud_firestore] AndroidManifest.xml:9:13-11:85
85                android:name="com.google.firebase.components:io.flutter.plugins.firebase.firestore.FlutterFirebaseFirestoreRegistrar"
85-->[:cloud_firestore] AndroidManifest.xml:10:17-134
86                android:value="com.google.firebase.components.ComponentRegistrar" />
86-->[:cloud_firestore] AndroidManifest.xml:11:17-82
87            <meta-data
87-->[:firebase_core] AndroidManifest.xml:9:13-11:85
88                android:name="com.google.firebase.components:io.flutter.plugins.firebase.core.FlutterFirebaseCoreRegistrar"
88-->[:firebase_core] AndroidManifest.xml:10:17-124
89                android:value="com.google.firebase.components.ComponentRegistrar" />
89-->[:firebase_core] AndroidManifest.xml:11:17-82
90            <meta-data
90-->[com.google.android.gms:play-services-measurement-api:17.5.0] AndroidManifest.xml:30:13-32:85
91                android:name="com.google.firebase.components:com.google.firebase.analytics.connector.internal.AnalyticsConnectorRegistrar"
91-->[com.google.android.gms:play-services-measurement-api:17.5.0] AndroidManifest.xml:31:17-139
92                android:value="com.google.firebase.components.ComponentRegistrar" />
92-->[com.google.android.gms:play-services-measurement-api:17.5.0] AndroidManifest.xml:32:17-82
93            <meta-data
93-->[com.google.firebase:firebase-installations:16.3.2] AndroidManifest.xml:17:13-19:85
94                android:name="com.google.firebase.components:com.google.firebase.installations.FirebaseInstallationsRegistrar"
94-->[com.google.firebase:firebase-installations:16.3.2] AndroidManifest.xml:18:17-127
95                android:value="com.google.firebase.components.ComponentRegistrar" />
95-->[com.google.firebase:firebase-installations:16.3.2] AndroidManifest.xml:19:17-82
96            <meta-data
96-->[com.google.firebase:firebase-auth:19.3.1] AndroidManifest.xml:36:13-38:85
97                android:name="com.google.firebase.components:com.google.firebase.auth.FirebaseAuthRegistrar"
97-->[com.google.firebase:firebase-auth:19.3.1] AndroidManifest.xml:37:17-109
98                android:value="com.google.firebase.components.ComponentRegistrar" />
98-->[com.google.firebase:firebase-auth:19.3.1] AndroidManifest.xml:38:17-82
99            <meta-data
99-->[com.google.firebase:firebase-firestore:21.4.3] AndroidManifest.xml:20:13-22:85
100                android:name="com.google.firebase.components:com.google.firebase.firestore.FirestoreRegistrar"
100-->[com.google.firebase:firebase-firestore:21.4.3] AndroidManifest.xml:21:17-111
101                android:value="com.google.firebase.components.ComponentRegistrar" />
101-->[com.google.firebase:firebase-firestore:21.4.3] AndroidManifest.xml:22:17-82
102        </service>
103
104        <receiver
104-->[com.google.android.gms:play-services-measurement:17.5.0] AndroidManifest.xml:29:9-33:20
105            android:name="com.google.android.gms.measurement.AppMeasurementReceiver"
105-->[com.google.android.gms:play-services-measurement:17.5.0] AndroidManifest.xml:30:13-85
106            android:enabled="true"
106-->[com.google.android.gms:play-services-measurement:17.5.0] AndroidManifest.xml:31:13-35
107            android:exported="false" >
107-->[com.google.android.gms:play-services-measurement:17.5.0] AndroidManifest.xml:32:13-37
108        </receiver>
109
110        <service
110-->[com.google.android.gms:play-services-measurement:17.5.0] AndroidManifest.xml:35:9-38:40
111            android:name="com.google.android.gms.measurement.AppMeasurementService"
111-->[com.google.android.gms:play-services-measurement:17.5.0] AndroidManifest.xml:36:13-84
112            android:enabled="true"
112-->[com.google.android.gms:play-services-measurement:17.5.0] AndroidManifest.xml:37:13-35
113            android:exported="false" />
113-->[com.google.android.gms:play-services-measurement:17.5.0] AndroidManifest.xml:38:13-37
114        <service
114-->[com.google.android.gms:play-services-measurement:17.5.0] AndroidManifest.xml:39:9-43:72
115            android:name="com.google.android.gms.measurement.AppMeasurementJobService"
115-->[com.google.android.gms:play-services-measurement:17.5.0] AndroidManifest.xml:40:13-87
116            android:enabled="true"
116-->[com.google.android.gms:play-services-measurement:17.5.0] AndroidManifest.xml:41:13-35
117            android:exported="false"
117-->[com.google.android.gms:play-services-measurement:17.5.0] AndroidManifest.xml:42:13-37
118            android:permission="android.permission.BIND_JOB_SERVICE" />
118-->[com.google.android.gms:play-services-measurement:17.5.0] AndroidManifest.xml:43:13-69
119
120        <activity
120-->[com.google.firebase:firebase-auth:19.3.1] AndroidManifest.xml:24:9-31:50
121            android:name="com.google.firebase.auth.internal.FederatedSignInActivity"
121-->[com.google.firebase:firebase-auth:19.3.1] AndroidManifest.xml:25:13-85
122            android:excludeFromRecents="true"
122-->[com.google.firebase:firebase-auth:19.3.1] AndroidManifest.xml:26:13-46
123            android:exported="true"
123-->[com.google.firebase:firebase-auth:19.3.1] AndroidManifest.xml:27:13-36
124            android:launchMode="singleTask"
124-->[com.google.firebase:firebase-auth:19.3.1] AndroidManifest.xml:28:13-44
125            android:permission="com.google.firebase.auth.api.gms.permission.LAUNCH_FEDERATED_SIGN_IN"
125-->[com.google.firebase:firebase-auth:19.3.1] AndroidManifest.xml:29:13-102
126            android:theme="@android:style/Theme.Translucent.NoTitleBar" />
126-->[com.google.firebase:firebase-auth:19.3.1] AndroidManifest.xml:30:13-72
127
128        <provider
128-->[com.google.firebase:firebase-common:19.3.0] AndroidManifest.xml:26:9-30:39
129            android:name="com.google.firebase.provider.FirebaseInitProvider"
129-->[com.google.firebase:firebase-common:19.3.0] AndroidManifest.xml:27:13-77
130            android:authorities="com.example.vChat_v1.firebaseinitprovider"
130-->[com.google.firebase:firebase-common:19.3.0] AndroidManifest.xml:28:13-72
131            android:exported="false"
131-->[com.google.firebase:firebase-common:19.3.0] AndroidManifest.xml:29:13-37
132            android:initOrder="100" />
132-->[com.google.firebase:firebase-common:19.3.0] AndroidManifest.xml:30:13-36
133
134        <activity
134-->[com.google.android.gms:play-services-base:17.1.0] AndroidManifest.xml:23:9-26:75
135            android:name="com.google.android.gms.common.api.GoogleApiActivity"
135-->[com.google.android.gms:play-services-base:17.1.0] AndroidManifest.xml:24:13-79
136            android:exported="false"
136-->[com.google.android.gms:play-services-base:17.1.0] AndroidManifest.xml:25:13-37
137            android:theme="@android:style/Theme.Translucent.NoTitleBar" />
137-->[com.google.android.gms:play-services-base:17.1.0] AndroidManifest.xml:26:13-72
138
139        <meta-data
139-->[com.google.android.gms:play-services-basement:17.0.0] AndroidManifest.xml:23:9-25:69
140            android:name="com.google.android.gms.version"
140-->[com.google.android.gms:play-services-basement:17.0.0] AndroidManifest.xml:24:13-58
141            android:value="@integer/google_play_services_version" />
141-->[com.google.android.gms:play-services-basement:17.0.0] AndroidManifest.xml:25:13-66
142    </application>
143
144</manifest>